[2025-06-08 20:25:14] Array
(
    [POST] => Array
        (
            [idUpdateGrupo] => 
            [nro_remitoUpdateGrupo] => 1412;1413;1415;1414
            [nro_facturaUpdateGrupo] => 1234
            [emailUpdateGrupo] => galindezleonardodavid02@gmail.com
            [fechaFacturadoUpdateGrupo] => 2025-06-08
            [fechaVencimientoUpdateGrupo] => 2025-05-31
            [nro_remitoAdjuntoGrupo] => 1412
            [remitosSeleccionador] => ["1412","1413","1415","1414"]
        )

    [FILES] => Array
        (
            [facturasUpdateGrupo] => Array
                (
                    [name] => Array
                        (
                            [0] => 
                            [1] => controller-valor-total.js
                        )

                    [full_path] => Array
                        (
                            [0] => 
                            [1] => controller-valor-total.js
                        )

                    [type] => Array
                        (
                            [0] => 
                            [1] => text/javascript
                        )

                    [tmp_name] => Array
                        (
                            [0] => 
                            [1] => /tmp/phpgckxvG
                        )

                    [error] => Array
                        (
                            [0] => 4
                            [1] => 0
                        )

                    [size] => Array
                        (
                            [0] => 0
                            [1] => 2069
                        )

                )

        )

    [remitosSeleccionador] => Array
        (
            [0] => 1412
            [1] => 1413
            [2] => 1415
            [3] => 1414
        )

)

[2025-06-12 10:28:22] Array
(
    [POST] => Array
        (
            [idUpdateGrupo] => 
            [nro_remitoUpdateGrupo] => 1439;1437;1438
            [nro_facturaUpdateGrupo] => 123
            [emailUpdateGrupo] => galindezleonardodavid02@gmail.com
            [fechaFacturadoUpdateGrupo] => 2025-06-12
            [fechaVencimientoUpdateGrupo] => 2025-06-12
            [nro_remitoAdjuntoGrupo] => 1439
            [remitosSeleccionador] => ["1439","1437","1438"]
        )

    [FILES] => Array
        (
            [facturasUpdateGrupo] => Array
                (
                    [name] => Array
                        (
                            [0] => 
                            [1] => log_webhook.txt
                        )

                    [full_path] => Array
                        (
                            [0] => 
                            [1] => log_webhook.txt
                        )

                    [type] => Array
                        (
                            [0] => 
                            [1] => text/plain
                        )

                    [tmp_name] => Array
                        (
                            [0] => 
                            [1] => /tmp/phpRrTkae
                        )

                    [error] => Array
                        (
                            [0] => 4
                            [1] => 0
                        )

                    [size] => Array
                        (
                            [0] => 0
                            [1] => 16482
                        )

                )

        )

    [remitosSeleccionador] => Array
        (
            [0] => 1439
            [1] => 1437
            [2] => 1438
        )

)

[2025-06-12 10:31:11] Array
(
    [POST] => Array
        (
            [idUpdateGrupo] => 
            [nro_remitoUpdateGrupo] => 1442;1441;1440
            [nro_facturaUpdateGrupo] => 4506
            [emailUpdateGrupo] => 
            [fechaFacturadoUpdateGrupo] => 
            [fechaVencimientoUpdateGrupo] => 
            [nro_remitoAdjuntoGrupo] => 1442
            [remitosSeleccionador] => ["1442","1441","1440"]
        )

    [FILES] => Array
        (
            [facturasUpdateGrupo] => Array
                (
                    [name] => Array
                        (
                            [0] => 
                            [1] => 33712298419_001_00002_00007586.pdf
                        )

                    [full_path] => Array
                        (
                            [0] => 
                            [1] => 33712298419_001_00002_00007586.pdf
                        )

                    [type] => Array
                        (
                            [0] => 
                            [1] => application/pdf
                        )

                    [tmp_name] => Array
                        (
                            [0] => 
                            [1] => /tmp/phplr0BxH
                        )

                    [error] => Array
                        (
                            [0] => 4
                            [1] => 0
                        )

                    [size] => Array
                        (
                            [0] => 0
                            [1] => 86627
                        )

                )

        )

    [remitosSeleccionador] => Array
        (
            [0] => 1442
            [1] => 1441
            [2] => 1440
        )

)

[2025-06-12 10:33:05] Array
(
    [POST] => Array
        (
            [idUpdateGrupo] => 
            [nro_remitoUpdateGrupo] => 1441;1440;1442
            [nro_facturaUpdateGrupo] => 
            [emailUpdateGrupo] => galindezleonardodavid02@gmail.com
            [fechaFacturadoUpdateGrupo] => 
            [fechaVencimientoUpdateGrupo] => 
            [nro_remitoAdjuntoGrupo] => 1441
            [remitosSeleccionador] => ["1441","1440","1442"]
        )

    [FILES] => Array
        (
            [facturasUpdateGrupo] => Array
                (
                    [name] => Array
                        (
                            [0] => 
                        )

                    [full_path] => Array
                        (
                            [0] => 
                        )

                    [type] => Array
                        (
                            [0] => 
                        )

                    [tmp_name] => Array
                        (
                            [0] => 
                        )

                    [error] => Array
                        (
                            [0] => 4
                        )

                    [size] => Array
                        (
                            [0] => 0
                        )

                )

        )

    [remitosSeleccionador] => Array
        (
            [0] => 1441
            [1] => 1440
            [2] => 1442
        )

)

[2025-06-13 13:23:41] Array
(
    [POST] => Array
        (
            [idUpdateGrupo] => 
            [nro_remitoUpdateGrupo] => 996;995;971;970;894
            [nro_facturaUpdateGrupo] => 7597
            [emailUpdateGrupo] => 
            [fechaFacturadoUpdateGrupo] => 2025-06-13
            [fechaVencimientoUpdateGrupo] => 2025-08-13
            [nro_remitoAdjuntoGrupo] => 996
            [remitosSeleccionador] => ["996","995","971","970","894"]
        )

    [FILES] => Array
        (
            [facturasUpdateGrupo] => Array
                (
                    [name] => Array
                        (
                            [0] => 
                        )

                    [full_path] => Array
                        (
                            [0] => 
                        )

                    [type] => Array
                        (
                            [0] => 
                        )

                    [tmp_name] => Array
                        (
                            [0] => 
                        )

                    [error] => Array
                        (
                            [0] => 4
                        )

                    [size] => Array
                        (
                            [0] => 0
                        )

                )

        )

    [remitosSeleccionador] => Array
        (
            [0] => 996
            [1] => 995
            [2] => 971
            [3] => 970
            [4] => 894
        )

)

[2025-06-13 13:23:41] Array
(
    [POST] => Array
        (
            [idUpdateGrupo] => 
            [nro_remitoUpdateGrupo] => 996;995;971;970;894
            [nro_facturaUpdateGrupo] => 7597
            [emailUpdateGrupo] => 
            [fechaFacturadoUpdateGrupo] => 2025-06-13
            [fechaVencimientoUpdateGrupo] => 2025-08-13
            [nro_remitoAdjuntoGrupo] => 996
            [remitosSeleccionador] => ["996","995","971","970","894"]
        )

    [FILES] => Array
        (
            [facturasUpdateGrupo] => Array
                (
                    [name] => Array
                        (
                            [0] => 
                        )

                    [full_path] => Array
                        (
                            [0] => 
                        )

                    [type] => Array
                        (
                            [0] => 
                        )

                    [tmp_name] => Array
                        (
                            [0] => 
                        )

                    [error] => Array
                        (
                            [0] => 4
                        )

                    [size] => Array
                        (
                            [0] => 0
                        )

                )

        )

    [remitosSeleccionador] => Array
        (
            [0] => 996
            [1] => 995
            [2] => 971
            [3] => 970
            [4] => 894
        )

)

[2025-06-13 13:26:10] Array
(
    [POST] => Array
        (
            [idUpdateGrupo] => 
            [nro_remitoUpdateGrupo] => 932;934;937;938;863
            [nro_facturaUpdateGrupo] => 7598
            [emailUpdateGrupo] => 
            [fechaFacturadoUpdateGrupo] => 2025-06-13
            [fechaVencimientoUpdateGrupo] => 2025-08-13
            [nro_remitoAdjuntoGrupo] => 932
            [remitosSeleccionador] => ["932","934","937","938","863"]
        )

    [FILES] => Array
        (
            [facturasUpdateGrupo] => Array
                (
                    [name] => Array
                        (
                            [0] => 
                        )

                    [full_path] => Array
                        (
                            [0] => 
                        )

                    [type] => Array
                        (
                            [0] => 
                        )

                    [tmp_name] => Array
                        (
                            [0] => 
                        )

                    [error] => Array
                        (
                            [0] => 4
                        )

                    [size] => Array
                        (
                            [0] => 0
                        )

                )

        )

    [remitosSeleccionador] => Array
        (
            [0] => 932
            [1] => 934
            [2] => 937
            [3] => 938
            [4] => 863
        )

)

[2025-06-13 13:27:17] Array
(
    [POST] => Array
        (
            [idUpdateGrupo] => 
            [nro_remitoUpdateGrupo] => 865;864;939
            [nro_facturaUpdateGrupo] => 7599
            [emailUpdateGrupo] => 
            [fechaFacturadoUpdateGrupo] => 2025-06-13
            [fechaVencimientoUpdateGrupo] => 2025-08-13
            [nro_remitoAdjuntoGrupo] => 865
            [remitosSeleccionador] => ["865","864","939"]
        )

    [FILES] => Array
        (
            [facturasUpdateGrupo] => Array
                (
                    [name] => Array
                        (
                            [0] => 
                        )

                    [full_path] => Array
                        (
                            [0] => 
                        )

                    [type] => Array
                        (
                            [0] => 
                        )

                    [tmp_name] => Array
                        (
                            [0] => 
                        )

                    [error] => Array
                        (
                            [0] => 4
                        )

                    [size] => Array
                        (
                            [0] => 0
                        )

                )

        )

    [remitosSeleccionador] => Array
        (
            [0] => 865
            [1] => 864
            [2] => 939
        )

)

[2025-06-16 00:28:05] Array
(
    [POST] => Array
        (
            [idUpdateGrupo] => 
            [nro_remitoUpdateGrupo] => 1;2;3
            [nro_facturaUpdateGrupo] => 1314
            [emailUpdateGrupo] => 
            [fechaFacturadoUpdateGrupo] => 
            [fechaVencimientoUpdateGrupo] => 
            [nro_remitoAdjuntoGrupo] => 1457
            [remitosSeleccionador] => ["1457","1455","1456"]
        )

    [FILES] => Array
        (
            [facturasUpdateGrupo] => Array
                (
                    [name] => Array
                        (
                            [0] => 
                        )

                    [full_path] => Array
                        (
                            [0] => 
                        )

                    [type] => Array
                        (
                            [0] => 
                        )

                    [tmp_name] => Array
                        (
                            [0] => 
                        )

                    [error] => Array
                        (
                            [0] => 4
                        )

                    [size] => Array
                        (
                            [0] => 0
                        )

                )

        )

    [remitosSeleccionador] => Array
        (
            [0] => 1457
            [1] => 1455
            [2] => 1456
        )

)

[2025-07-04 12:23:13] Array
(
    [POST] => Array
        (
            [idUpdateGrupo] => 
            [nro_remitoUpdateGrupo] => 1030;1031;1065;1064;1148
            [nro_facturaUpdateGrupo] => 7634
            [emailUpdateGrupo] => 
            [fechaFacturadoUpdateGrupo] => 2025-07-04
            [fechaVencimientoUpdateGrupo] => 2025-09-04
            [nro_remitoAdjuntoGrupo] => 1030
            [remitosSeleccionador] => ["1030","1031","1065","1064","1148"]
        )

    [FILES] => Array
        (
            [facturasUpdateGrupo] => Array
                (
                    [name] => Array
                        (
                            [0] => 
                            [1] => 33712298419_001_00002_00007634.pdf
                        )

                    [full_path] => Array
                        (
                            [0] => 
                            [1] => 33712298419_001_00002_00007634.pdf
                        )

                    [type] => Array
                        (
                            [0] => 
                            [1] => application/pdf
                        )

                    [tmp_name] => Array
                        (
                            [0] => 
                            [1] => /tmp/phpw6uWrZ
                        )

                    [error] => Array
                        (
                            [0] => 4
                            [1] => 0
                        )

                    [size] => Array
                        (
                            [0] => 0
                            [1] => 87036
                        )

                )

        )

    [remitosSeleccionador] => Array
        (
            [0] => 1030
            [1] => 1031
            [2] => 1065
            [3] => 1064
            [4] => 1148
        )

)

[2025-07-04 12:24:02] Array
(
    [POST] => Array
        (
            [idUpdateGrupo] => 
            [nro_remitoUpdateGrupo] => 1022;1023;1024;1025
            [nro_facturaUpdateGrupo] => 7635
            [emailUpdateGrupo] => 
            [fechaFacturadoUpdateGrupo] => 2025-07-04
            [fechaVencimientoUpdateGrupo] => 2025-09-04
            [nro_remitoAdjuntoGrupo] => 1022
            [remitosSeleccionador] => ["1022","1023","1024","1025"]
        )

    [FILES] => Array
        (
            [facturasUpdateGrupo] => Array
                (
                    [name] => Array
                        (
                            [0] => 
                            [1] => 33712298419_001_00002_00007635.pdf
                        )

                    [full_path] => Array
                        (
                            [0] => 
                            [1] => 33712298419_001_00002_00007635.pdf
                        )

                    [type] => Array
                        (
                            [0] => 
                            [1] => application/pdf
                        )

                    [tmp_name] => Array
                        (
                            [0] => 
                            [1] => /tmp/phps07ub6
                        )

                    [error] => Array
                        (
                            [0] => 4
                            [1] => 0
                        )

                    [size] => Array
                        (
                            [0] => 0
                            [1] => 86504
                        )

                )

        )

    [remitosSeleccionador] => Array
        (
            [0] => 1022
            [1] => 1023
            [2] => 1024
            [3] => 1025
        )

)

[2025-07-04 12:25:42] Array
(
    [POST] => Array
        (
            [idUpdateGrupo] => 
            [nro_remitoUpdateGrupo] => 1026;1027;1028;1029
            [nro_facturaUpdateGrupo] => 7636
            [emailUpdateGrupo] => 
            [fechaFacturadoUpdateGrupo] => 2025-07-04
            [fechaVencimientoUpdateGrupo] => 2025-09-04
            [nro_remitoAdjuntoGrupo] => 1026
            [remitosSeleccionador] => ["1026","1027","1028","1029"]
        )

    [FILES] => Array
        (
            [facturasUpdateGrupo] => Array
                (
                    [name] => Array
                        (
                            [0] => 
                            [1] => 33712298419_001_00002_00007636.pdf
                        )

                    [full_path] => Array
                        (
                            [0] => 
                            [1] => 33712298419_001_00002_00007636.pdf
                        )

                    [type] => Array
                        (
                            [0] => 
                            [1] => application/pdf
                        )

                    [tmp_name] => Array
                        (
                            [0] => 
                            [1] => /tmp/phpFFvqiE
                        )

                    [error] => Array
                        (
                            [0] => 4
                            [1] => 0
                        )

                    [size] => Array
                        (
                            [0] => 0
                            [1] => 86992
                        )

                )

        )

    [remitosSeleccionador] => Array
        (
            [0] => 1026
            [1] => 1027
            [2] => 1028
            [3] => 1029
        )

)

[2025-07-04 12:26:38] Array
(
    [POST] => Array
        (
            [idUpdateGrupo] => 
            [nro_remitoUpdateGrupo] => 928;929;930;936;969
            [nro_facturaUpdateGrupo] => 7637
            [emailUpdateGrupo] => 
            [fechaFacturadoUpdateGrupo] => 2025-07-04
            [fechaVencimientoUpdateGrupo] => 2025-09-04
            [nro_remitoAdjuntoGrupo] => 928
            [remitosSeleccionador] => ["928","929","930","936","969"]
        )

    [FILES] => Array
        (
            [facturasUpdateGrupo] => Array
                (
                    [name] => Array
                        (
                            [0] => 
                            [1] => 33712298419_001_00002_00007637.pdf
                        )

                    [full_path] => Array
                        (
                            [0] => 
                            [1] => 33712298419_001_00002_00007637.pdf
                        )

                    [type] => Array
                        (
                            [0] => 
                            [1] => application/pdf
                        )

                    [tmp_name] => Array
                        (
                            [0] => 
                            [1] => /tmp/php68Mjat
                        )

                    [error] => Array
                        (
                            [0] => 4
                            [1] => 0
                        )

                    [size] => Array
                        (
                            [0] => 0
                            [1] => 87266
                        )

                )

        )

    [remitosSeleccionador] => Array
        (
            [0] => 928
            [1] => 929
            [2] => 930
            [3] => 936
            [4] => 969
        )

)

[2025-07-04 12:27:56] Array
(
    [POST] => Array
        (
            [idUpdateGrupo] => 
            [nro_remitoUpdateGrupo] => 1046;1156;1155;1157
            [nro_facturaUpdateGrupo] => 7638
            [emailUpdateGrupo] => 
            [fechaFacturadoUpdateGrupo] => 2025-07-04
            [fechaVencimientoUpdateGrupo] => 2025-09-04
            [nro_remitoAdjuntoGrupo] => 1046
            [remitosSeleccionador] => ["1046","1156","1155","1157"]
        )

    [FILES] => Array
        (
            [facturasUpdateGrupo] => Array
                (
                    [name] => Array
                        (
                            [0] => 
                            [1] => 33712298419_001_00002_00007638.pdf
                        )

                    [full_path] => Array
                        (
                            [0] => 
                            [1] => 33712298419_001_00002_00007638.pdf
                        )

                    [type] => Array
                        (
                            [0] => 
                            [1] => application/pdf
                        )

                    [tmp_name] => Array
                        (
                            [0] => 
                            [1] => /tmp/phpbWDT5O
                        )

                    [error] => Array
                        (
                            [0] => 4
                            [1] => 0
                        )

                    [size] => Array
                        (
                            [0] => 0
                            [1] => 86836
                        )

                )

        )

    [remitosSeleccionador] => Array
        (
            [0] => 1046
            [1] => 1156
            [2] => 1155
            [3] => 1157
        )

)

[2025-07-04 12:28:47] Array
(
    [POST] => Array
        (
            [idUpdateGrupo] => 
            [nro_remitoUpdateGrupo] => 1074;1073;947;948;1045
            [nro_facturaUpdateGrupo] => 7639
            [emailUpdateGrupo] => 
            [fechaFacturadoUpdateGrupo] => 2025-07-04
            [fechaVencimientoUpdateGrupo] => 2025-09-04
            [nro_remitoAdjuntoGrupo] => 1074
            [remitosSeleccionador] => ["1074","1073","947","948","1045"]
        )

    [FILES] => Array
        (
            [facturasUpdateGrupo] => Array
                (
                    [name] => Array
                        (
                            [0] => 
                            [1] => 33712298419_001_00002_00007639.pdf
                        )

                    [full_path] => Array
                        (
                            [0] => 
                            [1] => 33712298419_001_00002_00007639.pdf
                        )

                    [type] => Array
                        (
                            [0] => 
                            [1] => application/pdf
                        )

                    [tmp_name] => Array
                        (
                            [0] => 
                            [1] => /tmp/phpDhdNqH
                        )

                    [error] => Array
                        (
                            [0] => 4
                            [1] => 0
                        )

                    [size] => Array
                        (
                            [0] => 0
                            [1] => 86840
                        )

                )

        )

    [remitosSeleccionador] => Array
        (
            [0] => 1074
            [1] => 1073
            [2] => 947
            [3] => 948
            [4] => 1045
        )

)

[2025-07-04 12:29:52] Array
(
    [POST] => Array
        (
            [idUpdateGrupo] => 
            [nro_remitoUpdateGrupo] => 793;931;933;935;1204
            [nro_facturaUpdateGrupo] => 7640
            [emailUpdateGrupo] => 
            [fechaFacturadoUpdateGrupo] => 2025-07-04
            [fechaVencimientoUpdateGrupo] => 2025-09-04
            [nro_remitoAdjuntoGrupo] => 793
            [remitosSeleccionador] => ["793","931","933","935","1204"]
        )

    [FILES] => Array
        (
            [facturasUpdateGrupo] => Array
                (
                    [name] => Array
                        (
                            [0] => 
                            [1] => 33712298419_001_00002_00007640.pdf
                        )

                    [full_path] => Array
                        (
                            [0] => 
                            [1] => 33712298419_001_00002_00007640.pdf
                        )

                    [type] => Array
                        (
                            [0] => 
                            [1] => application/pdf
                        )

                    [tmp_name] => Array
                        (
                            [0] => 
                            [1] => /tmp/php1cDj32
                        )

                    [error] => Array
                        (
                            [0] => 4
                            [1] => 0
                        )

                    [size] => Array
                        (
                            [0] => 0
                            [1] => 87145
                        )

                )

        )

    [remitosSeleccionador] => Array
        (
            [0] => 793
            [1] => 931
            [2] => 933
            [3] => 935
            [4] => 1204
        )

)

[2025-08-12 21:59:35] Array
(
    [POST] => Array
        (
            [idUpdateGrupo] => 
            [nro_remitoUpdateGrupo] => 001 - 00000188;001 - 00000301;001 - 00000302;001 - 00000344;001 - 00000351
            [nro_facturaUpdateGrupo] => 
            [emailUpdateGrupo] => 
            [fechaFacturadoUpdateGrupo] => 
            [fechaVencimientoUpdateGrupo] => 
            [nro_remitoAdjuntoGrupo] => 1967
            [remitosSeleccionador] => ["1967","1950","1881","1880","1627"]
        )

    [FILES] => Array
        (
            [facturasUpdateGrupo] => Array
                (
                    [name] => Array
                        (
                            [0] => 
                            [1] => 30708832347_001_00004_00000847.pdf
                        )

                    [full_path] => Array
                        (
                            [0] => 
                            [1] => 30708832347_001_00004_00000847.pdf
                        )

                    [type] => Array
                        (
                            [0] => 
                            [1] => application/pdf
                        )

                    [tmp_name] => Array
                        (
                            [0] => 
                            [1] => /tmp/php3cscMG
                        )

                    [error] => Array
                        (
                            [0] => 4
                            [1] => 0
                        )

                    [size] => Array
                        (
                            [0] => 0
                            [1] => 3035330
                        )

                )

        )

    [remitosSeleccionador] => Array
        (
            [0] => 1967
            [1] => 1950
            [2] => 1881
            [3] => 1880
            [4] => 1627
        )

)

[2025-08-13 15:47:58] Array
(
    [POST] => Array
        (
            [idUpdateGrupo] => 
            [nro_remitoUpdateGrupo] => 4481;4480;4576;4577;4578
            [nro_facturaUpdateGrupo] => 7701
            [emailUpdateGrupo] => 
            [fechaFacturadoUpdateGrupo] => 2025-08-13
            [fechaVencimientoUpdateGrupo] => 2025-10-13
            [nro_remitoAdjuntoGrupo] => 1249
            [remitosSeleccionador] => ["1249","1247","1476","1477","1478"]
        )

    [FILES] => Array
        (
            [facturasUpdateGrupo] => Array
                (
                    [name] => Array
                        (
                            [0] => 
                        )

                    [full_path] => Array
                        (
                            [0] => 
                        )

                    [type] => Array
                        (
                            [0] => 
                        )

                    [tmp_name] => Array
                        (
                            [0] => 
                        )

                    [error] => Array
                        (
                            [0] => 4
                        )

                    [size] => Array
                        (
                            [0] => 0
                        )

                )

        )

    [remitosSeleccionador] => Array
        (
            [0] => 1249
            [1] => 1247
            [2] => 1476
            [3] => 1477
            [4] => 1478
        )

)

[2025-08-13 15:49:38] Array
(
    [POST] => Array
        (
            [idUpdateGrupo] => 
            [nro_remitoUpdateGrupo] => 4484;4485;4492;4487
            [nro_facturaUpdateGrupo] => 7702
            [emailUpdateGrupo] => 
            [fechaFacturadoUpdateGrupo] => 2025-08-13
            [fechaVencimientoUpdateGrupo] => 2025-10-13
            [nro_remitoAdjuntoGrupo] => 1332
            [remitosSeleccionador] => ["1332","1331","1330","1401"]
        )

    [FILES] => Array
        (
            [facturasUpdateGrupo] => Array
                (
                    [name] => Array
                        (
                            [0] => 
                        )

                    [full_path] => Array
                        (
                            [0] => 
                        )

                    [type] => Array
                        (
                            [0] => 
                        )

                    [tmp_name] => Array
                        (
                            [0] => 
                        )

                    [error] => Array
                        (
                            [0] => 4
                        )

                    [size] => Array
                        (
                            [0] => 0
                        )

                )

        )

    [remitosSeleccionador] => Array
        (
            [0] => 1332
            [1] => 1331
            [2] => 1330
            [3] => 1401
        )

)

[2025-08-13 15:50:49] Array
(
    [POST] => Array
        (
            [idUpdateGrupo] => 
            [nro_remitoUpdateGrupo] => 4491;4489;4488
            [nro_facturaUpdateGrupo] => 7703
            [emailUpdateGrupo] => 
            [fechaFacturadoUpdateGrupo] => 2025-08-13
            [fechaVencimientoUpdateGrupo] => 2025-10-13
            [nro_remitoAdjuntoGrupo] => 1406
            [remitosSeleccionador] => ["1406","1405","1403"]
        )

    [FILES] => Array
        (
            [facturasUpdateGrupo] => Array
                (
                    [name] => Array
                        (
                            [0] => 
                        )

                    [full_path] => Array
                        (
                            [0] => 
                        )

                    [type] => Array
                        (
                            [0] => 
                        )

                    [tmp_name] => Array
                        (
                            [0] => 
                        )

                    [error] => Array
                        (
                            [0] => 4
                        )

                    [size] => Array
                        (
                            [0] => 0
                        )

                )

        )

    [remitosSeleccionador] => Array
        (
            [0] => 1406
            [1] => 1405
            [2] => 1403
        )

)

[2025-08-13 15:52:29] Array
(
    [POST] => Array
        (
            [idUpdateGrupo] => 
            [nro_remitoUpdateGrupo] => 4579;4580;4581;4583;4586
            [nro_facturaUpdateGrupo] => 7404
            [emailUpdateGrupo] => 
            [fechaFacturadoUpdateGrupo] => 2025-08-13
            [fechaVencimientoUpdateGrupo] => 2025-10-13
            [nro_remitoAdjuntoGrupo] => 1479
            [remitosSeleccionador] => ["1479","1480","1481","1483","1486"]
        )

    [FILES] => Array
        (
            [facturasUpdateGrupo] => Array
                (
                    [name] => Array
                        (
                            [0] => 
                        )

                    [full_path] => Array
                        (
                            [0] => 
                        )

                    [type] => Array
                        (
                            [0] => 
                        )

                    [tmp_name] => Array
                        (
                            [0] => 
                        )

                    [error] => Array
                        (
                            [0] => 4
                        )

                    [size] => Array
                        (
                            [0] => 0
                        )

                )

        )

    [remitosSeleccionador] => Array
        (
            [0] => 1479
            [1] => 1480
            [2] => 1481
            [3] => 1483
            [4] => 1486
        )

)

[2025-08-13 15:53:45] Array
(
    [POST] => Array
        (
            [idUpdateGrupo] => 
            [nro_remitoUpdateGrupo] => 4493;4494;4490;4495;4498
            [nro_facturaUpdateGrupo] => 7705
            [emailUpdateGrupo] => 
            [fechaFacturadoUpdateGrupo] => 2025-08-13
            [fechaVencimientoUpdateGrupo] => 2025-10-13
            [nro_remitoAdjuntoGrupo] => 1404
            [remitosSeleccionador] => ["1404","1334","1402","1448","1507"]
        )

    [FILES] => Array
        (
            [facturasUpdateGrupo] => Array
                (
                    [name] => Array
                        (
                            [0] => 
                        )

                    [full_path] => Array
                        (
                            [0] => 
                        )

                    [type] => Array
                        (
                            [0] => 
                        )

                    [tmp_name] => Array
                        (
                            [0] => 
                        )

                    [error] => Array
                        (
                            [0] => 4
                        )

                    [size] => Array
                        (
                            [0] => 0
                        )

                )

        )

    [remitosSeleccionador] => Array
        (
            [0] => 1404
            [1] => 1334
            [2] => 1402
            [3] => 1448
            [4] => 1507
        )

)

[2025-08-13 15:54:08] Array
(
    [POST] => Array
        (
            [idUpdateGrupo] => 
            [nro_remitoUpdateGrupo] => 4579;4580;4581;4583;4586
            [nro_facturaUpdateGrupo] => 7704
            [emailUpdateGrupo] => 
            [fechaFacturadoUpdateGrupo] => 
            [fechaVencimientoUpdateGrupo] => 
            [nro_remitoAdjuntoGrupo] => 1480
            [remitosSeleccionador] => ["1480","1481","1483","1486","1479"]
        )

    [FILES] => Array
        (
            [facturasUpdateGrupo] => Array
                (
                    [name] => Array
                        (
                            [0] => 
                        )

                    [full_path] => Array
                        (
                            [0] => 
                        )

                    [type] => Array
                        (
                            [0] => 
                        )

                    [tmp_name] => Array
                        (
                            [0] => 
                        )

                    [error] => Array
                        (
                            [0] => 4
                        )

                    [size] => Array
                        (
                            [0] => 0
                        )

                )

        )

    [remitosSeleccionador] => Array
        (
            [0] => 1480
            [1] => 1481
            [2] => 1483
            [3] => 1486
            [4] => 1479
        )

)

[2025-08-13 15:55:01] Array
(
    [POST] => Array
        (
            [idUpdateGrupo] => 
            [nro_remitoUpdateGrupo] => 4587;4500;4589
            [nro_facturaUpdateGrupo] => 7706
            [emailUpdateGrupo] => 
            [fechaFacturadoUpdateGrupo] => 2025-08-13
            [fechaVencimientoUpdateGrupo] => 2025-10-13
            [nro_remitoAdjuntoGrupo] => 1508
            [remitosSeleccionador] => ["1508","1487","1509"]
        )

    [FILES] => Array
        (
            [facturasUpdateGrupo] => Array
                (
                    [name] => Array
                        (
                            [0] => 
                        )

                    [full_path] => Array
                        (
                            [0] => 
                        )

                    [type] => Array
                        (
                            [0] => 
                        )

                    [tmp_name] => Array
                        (
                            [0] => 
                        )

                    [error] => Array
                        (
                            [0] => 4
                        )

                    [size] => Array
                        (
                            [0] => 0
                        )

                )

        )

    [remitosSeleccionador] => Array
        (
            [0] => 1508
            [1] => 1487
            [2] => 1509
        )

)

[2025-08-14 14:08:16] Array
(
    [POST] => Array
        (
            [idUpdateGrupo] => 
            [nro_remitoUpdateGrupo] => 3064;4497
            [nro_facturaUpdateGrupo] => 7707
            [emailUpdateGrupo] => 
            [fechaFacturadoUpdateGrupo] => 
            [fechaVencimientoUpdateGrupo] => 
            [nro_remitoAdjuntoGrupo] => 476
            [remitosSeleccionador] => ["476","1450"]
        )

    [FILES] => Array
        (
            [facturasUpdateGrupo] => Array
                (
                    [name] => Array
                        (
                            [0] => 
                        )

                    [full_path] => Array
                        (
                            [0] => 
                        )

                    [type] => Array
                        (
                            [0] => 
                        )

                    [tmp_name] => Array
                        (
                            [0] => 
                        )

                    [error] => Array
                        (
                            [0] => 4
                        )

                    [size] => Array
                        (
                            [0] => 0
                        )

                )

        )

    [remitosSeleccionador] => Array
        (
            [0] => 476
            [1] => 1450
        )

)

